2022-07-19 11:15:01,088 - __main__ - INFO - Token value: Token not available!
2022-07-19 11:15:01,760 - __main__ - INFO - Weather in Berlin: 30.32
2022-07-19 10:09:58,525 - __main__ - INFO - Token value: 1234
2022-07-19 10:09:58,949 - __main__ - INFO - Weather in Berlin: 32.56
2022-07-19 12:17:50,405 - __main__ - INFO - Token value: 1234
2022-07-19 12:17:50,875 - __main__ - INFO - Weather in Berlin: 33.66
2022-07-19 14:09:00,868 - __main__ - INFO - Token value: 1234
2022-07-19 14:09:01,435 - __main__ - INFO - Weather in Berlin: 34.86
2022-07-19 16:12:16,906 - __main__ - INFO - Token value: 1234
2022-07-19 16:12:17,306 - __main__ - INFO - Weather in Berlin: 34.28
2022-07-19 18:10:53,682 - __main__ - INFO - Token value: 1234
2022-07-19 18:10:53,844 - __main__ - INFO - Weather in Berlin: 31.9
2022-07-19 20:09:35,027 - __main__ - INFO - Token value: 1234
2022-07-19 20:09:35,139 - __main__ - INFO - Weather in Berlin: 27.52
2022-07-19 22:09:04,334 - __main__ - INFO - Token value: 1234
2022-07-19 22:09:04,912 - __main__ - INFO - Weather in Berlin: 25.4
2022-07-20 00:46:12,649 - __main__ - INFO - Token value: 1234
2022-07-20 00:46:13,296 - __main__ - INFO - Weather in Berlin: 24.18
2022-07-20 03:36:18,748 - __main__ - INFO - Token value: 1234
2022-07-20 03:36:18,916 - __main__ - INFO - Weather in Berlin: 22.12
2022-07-20 04:30:43,477 - __main__ - INFO - Token value: 1234
2022-07-20 04:30:43,776 - __main__ - INFO - Weather in Berlin: 21.64
2022-07-20 06:11:40,340 - __main__ - INFO - Token value: 1234
2022-07-20 06:11:41,194 - __main__ - INFO - Weather in Berlin: 24.95
2022-07-20 08:12:25,109 - __main__ - INFO - Token value: 1234
2022-07-20 08:12:25,397 - __main__ - INFO - Weather in Berlin: 30.85
2022-07-20 10:09:27,874 - __main__ - INFO - Token value: 1234
2022-07-20 10:09:28,041 - __main__ - INFO - Weather in Berlin: 35.42
2022-07-20 12:16:14,801 - __main__ - INFO - Token value: 1234
2022-07-20 12:16:15,447 - __main__ - INFO - Weather in Berlin: 36.64
2022-07-20 14:10:42,143 - __main__ - INFO - Token value: 1234
2022-07-20 14:10:42,285 - __main__ - INFO - Weather in Berlin: 37.34
2022-07-20 16:11:32,101 - __main__ - INFO - Token value: 1234
2022-07-20 16:11:32,270 - __main__ - INFO - Weather in Berlin: 36.32
2022-07-20 18:11:08,871 - __main__ - INFO - Token value: 1234
2022-07-20 18:11:09,450 - __main__ - INFO - Weather in Berlin: 35.75
2022-07-20 20:10:07,208 - __main__ - INFO - Token value: 1234
2022-07-20 20:10:07,807 - __main__ - INFO - Weather in Berlin: 29.16
2022-07-20 22:08:32,880 - __main__ - INFO - Token value: 1234
2022-07-20 22:08:33,309 - __main__ - INFO - Weather in Berlin: 27.72
2022-07-21 00:51:04,670 - __main__ - INFO - Token value: 1234
2022-07-21 00:51:04,945 - __main__ - INFO - Weather in Berlin: 25.62
2022-07-21 03:32:21,183 - __main__ - INFO - Token value: 1234
2022-07-21 03:32:21,622 - __main__ - INFO - Weather in Berlin: 24.17
2022-07-21 04:33:49,059 - __main__ - INFO - Token value: 1234
2022-07-21 04:33:49,712 - __main__ - INFO - Weather in Berlin: 23.8
2022-07-21 06:11:40,676 - __main__ - INFO - Token value: 1234
2022-07-21 06:11:41,078 - __main__ - INFO - Weather in Berlin: 24.1
2022-07-21 08:11:51,774 - __main__ - INFO - Token value: 1234
2022-07-21 08:11:51,925 - __main__ - INFO - Weather in Berlin: 26.61
2022-07-21 10:10:48,231 - __main__ - INFO - Token value: 1234
2022-07-21 10:10:48,658 - __main__ - INFO - Weather in Berlin: 29.39
2022-07-21 12:16:51,452 - __main__ - INFO - Token value: 1234
2022-07-21 12:16:52,210 - __main__ - INFO - Weather in Berlin: 29.02
2022-07-21 14:10:13,059 - __main__ - INFO - Token value: 1234
2022-07-21 14:10:13,760 - __main__ - INFO - Weather in Berlin: 24.62
2022-07-21 16:11:48,481 - __main__ - INFO - Token value: 1234
2022-07-21 16:11:49,254 - __main__ - INFO - Weather in Berlin: 24.51
2022-07-21 18:11:19,590 - __main__ - INFO - Token value: 1234
2022-07-21 18:11:19,965 - __main__ - INFO - Weather in Berlin: 25.79
2022-07-21 20:10:30,244 - __main__ - INFO - Token value: 1234
2022-07-21 20:10:30,328 - __main__ - INFO - Weather in Berlin: 22.77
2022-07-25 00:44:39,700 - __main__ - INFO - Token value: 1234
2022-07-25 00:44:40,082 - __main__ - INFO - Weather in Berlin: 19.9
2022-08-01 00:54:12,206 - __main__ - INFO - Token value: 1234
2022-08-01 00:54:12,694 - __main__ - INFO - Weather in Berlin: 20.23
2022-08-08 00:40:42,506 - __main__ - INFO - Token value: 1234
2022-08-08 00:40:42,610 - __main__ - INFO - Weather in Berlin: 16.92
2022-08-15 00:44:48,218 - __main__ - INFO - Token value: 1234
2022-08-15 00:44:48,828 - __main__ - INFO - Weather in Berlin: 22.05
2022-08-22 00:46:22,483 - __main__ - INFO - Token value: 1234
2022-08-22 00:46:22,604 - __main__ - INFO - Weather in Berlin: 16.54
2022-08-29 00:51:03,885 - __main__ - INFO - Token value: 1234
2022-08-29 00:51:04,463 - __main__ - INFO - Weather in Berlin: 13.61
2022-09-05 00:54:44,539 - __main__ - INFO - Token value: 1234
2022-09-05 00:54:45,065 - __main__ - INFO - Weather in Berlin: 15.8
2022-09-12 00:48:56,255 - __main__ - INFO - Token value: 1234
2022-09-12 00:48:56,362 - __main__ - INFO - Weather in Berlin: 12.68
2022-09-19 00:51:28,986 - __main__ - INFO - Token value: 1234
2022-09-19 00:51:29,073 - __main__ - INFO - Weather in Berlin: 8.79
2022-09-26 00:54:36,285 - __main__ - INFO - Token value: 1234
2022-09-26 00:54:36,670 - __main__ - INFO - Weather in Berlin: 11.75
2022-10-03 00:53:53,511 - __main__ - INFO - Token value: 1234
2022-10-03 00:53:54,115 - __main__ - INFO - Weather in Berlin: 11.07
2022-10-10 00:59:22,592 - __main__ - INFO - Token value: 1234
2022-10-10 00:59:22,684 - __main__ - INFO - Weather in Berlin: 7.73
2022-10-17 01:03:34,041 - __main__ - INFO - Token value: 1234
2022-10-17 01:03:34,808 - __main__ - INFO - Weather in Berlin: 13.02
2022-10-24 01:05:23,964 - __main__ - INFO - Token value: 1234
2022-10-24 01:05:24,197 - __main__ - INFO - Weather in Berlin: 13.27
2022-10-31 00:56:50,347 - __main__ - INFO - Token value: 1234
2022-10-31 00:56:50,781 - __main__ - INFO - Weather in Berlin: 13.45
2022-11-07 00:46:30,914 - __main__ - INFO - Token value: 1234
2022-11-07 00:46:31,482 - __main__ - INFO - Weather in Berlin: 6.9
2022-11-14 00:42:53,014 - __main__ - INFO - Token value: 1234
2022-11-14 00:42:53,136 - __main__ - INFO - Weather in Berlin: 6.58
2022-11-21 00:44:54,383 - __main__ - INFO - Token value: 1234
2022-11-21 00:44:54,891 - __main__ - INFO - Weather in Berlin: -1.89
2022-11-28 00:38:10,868 - __main__ - INFO - Token value: 1234
2022-11-28 00:38:10,962 - __main__ - INFO - Weather in Berlin: 4.03
2022-12-05 00:37:36,747 - __main__ - INFO - Token value: 1234
2022-12-05 00:37:37,346 - __main__ - INFO - Weather in Berlin: 2.48
2022-12-12 00:40:48,194 - __main__ - INFO - Token value: 1234
2022-12-12 00:40:48,347 - __main__ - INFO - Weather in Berlin: -1.51
2022-12-19 00:34:22,668 - __main__ - INFO - Token value: 1234
2022-12-19 00:34:23,349 - __main__ - INFO - Weather in Berlin: -4.73
2022-12-26 00:37:57,455 - __main__ - INFO - Token value: 1234
2022-12-26 00:37:58,555 - __main__ - INFO - Weather in Berlin: 8.58
2023-01-02 00:37:45,571 - __main__ - INFO - Token value: 1234
2023-01-02 00:37:46,198 - __main__ - INFO - Weather in Berlin: 11.86
2023-01-09 00:37:48,669 - __main__ - INFO - Token value: 1234
2023-01-09 00:37:49,006 - __main__ - INFO - Weather in Berlin: 5.01
2023-01-16 00:38:39,973 - __main__ - INFO - Token value: 1234
2023-01-16 00:38:40,358 - __main__ - INFO - Weather in Berlin: 4.9
2023-01-23 00:37:11,897 - __main__ - INFO - Token value: 1234
2023-01-23 00:37:12,431 - __main__ - INFO - Weather in Berlin: 1.65
2023-01-30 00:35:30,776 - __main__ - INFO - Token value: 1234
2023-01-30 00:35:31,351 - __main__ - INFO - Weather in Berlin: 1.63
2023-02-06 00:37:40,919 - __main__ - INFO - Token value: 1234
2023-02-06 00:37:41,397 - __main__ - INFO - Weather in Berlin: -2.01
2023-02-13 00:41:55,645 - __main__ - INFO - Token value: 1234
2023-02-13 00:41:56,334 - __main__ - INFO - Weather in Berlin: 7.16
2023-02-20 00:42:40,136 - __main__ - INFO - Token value: 1234
2023-02-20 00:42:40,714 - __main__ - INFO - Weather in Berlin: 2.39
2023-02-27 00:41:12,914 - __main__ - INFO - Token value: 1234
2023-02-27 00:41:13,506 - __main__ - INFO - Weather in Berlin: -1.34
2023-03-06 00:41:41,381 - __main__ - INFO - Token value: 1234
2023-03-06 00:41:41,518 - __main__ - INFO - Weather in Berlin: 0.94
2023-03-13 00:39:58,538 - __main__ - INFO - Token value: 1234
2023-03-13 00:39:58,984 - __main__ - INFO - Weather in Berlin: 5.94
2023-03-20 00:40:52,346 - __main__ - INFO - Token value: 1234
2023-03-20 00:40:52,864 - __main__ - INFO - Weather in Berlin: 10.36
2023-03-27 00:37:03,135 - __main__ - INFO - Token value: 1234
2023-03-27 00:37:03,579 - __main__ - INFO - Weather in Berlin: 4.49
2023-04-03 00:37:03,535 - __main__ - INFO - Token value: 1234
2023-04-03 00:37:03,887 - __main__ - INFO - Weather in Berlin: 1.06
2023-04-10 00:36:03,126 - __main__ - INFO - Token value: 1234
2023-04-10 00:36:03,601 - __main__ - INFO - Weather in Berlin: 6.65
2023-04-17 00:38:11,628 - __main__ - INFO - Token value: 1234
2023-04-17 00:38:11,958 - __main__ - INFO - Weather in Berlin: 7.47
2023-04-24 00:37:25,968 - __main__ - INFO - Token value: 1234
2023-04-24 00:37:26,548 - __main__ - INFO - Weather in Berlin: 11.24
2023-05-01 00:38:28,593 - __main__ - INFO - Token value: 1234
2023-05-01 00:38:29,237 - __main__ - INFO - Weather in Berlin: 4.74
2023-05-08 00:35:59,553 - __main__ - INFO - Token value: 1234
2023-05-08 00:36:00,012 - __main__ - INFO - Weather in Berlin: 8.12
2023-05-15 00:37:43,779 - __main__ - INFO - Token value: 1234
2023-05-15 00:37:44,323 - __main__ - INFO - Weather in Berlin: 13.01
2023-05-22 00:38:44,183 - __main__ - INFO - Token value: 1234
2023-05-22 00:38:44,825 - __main__ - INFO - Weather in Berlin: 18.93
2023-05-29 00:38:32,685 - __main__ - INFO - Token value: 1234
2023-05-29 00:38:33,317 - __main__ - INFO - Weather in Berlin: 13.49
2023-06-05 00:42:16,214 - __main__ - INFO - Token value: 1234
2023-06-05 00:42:16,354 - __main__ - INFO - Weather in Berlin: 12.54
2023-06-12 00:44:40,761 - __main__ - INFO - Token value: 1234
2023-06-12 00:44:41,287 - __main__ - INFO - Weather in Berlin: 17.95
2023-06-19 00:41:31,896 - __main__ - INFO - Token value: 1234
2023-06-19 00:41:32,077 - __main__ - INFO - Weather in Berlin: 17.46
2023-06-26 00:48:35,778 - __main__ - INFO - Token value: 1234
2023-06-26 00:48:35,965 - __main__ - INFO - Weather in Berlin: 19.96
2023-07-03 00:47:50,515 - __main__ - INFO - Token value: 1234
2023-07-03 00:47:51,503 - __main__ - INFO - Weather in Berlin: 14.82
2023-07-10 00:47:49,548 - __main__ - INFO - Token value: 1234
2023-07-10 00:47:50,169 - __main__ - INFO - Weather in Berlin: 21.4
2023-07-17 00:50:57,487 - __main__ - INFO - Token value: 1234
2023-07-17 00:50:58,057 - __main__ - INFO - Weather in Berlin: 17.68
2023-07-24 00:41:28,744 - __main__ - INFO - Token value: 1234
2023-07-24 00:41:29,341 - __main__ - INFO - Weather in Berlin: 19.18
2023-07-31 00:41:40,366 - __main__ - INFO - Token value: 1234
2023-07-31 00:41:40,950 - __main__ - INFO - Weather in Berlin: 15.06
2023-08-07 00:39:33,017 - __main__ - INFO - Token value: 1234
2023-08-07 00:39:33,591 - __main__ - INFO - Weather in Berlin: 14.24
2023-08-14 00:32:09,980 - __main__ - INFO - Token value: 1234
2023-08-14 00:32:10,569 - __main__ - INFO - Weather in Berlin: 19.18
2023-08-21 00:31:40,538 - __main__ - INFO - Token value: 1234
2023-08-21 00:31:41,217 - __main__ - INFO - Weather in Berlin: 20.29
2023-08-28 00:32:45,300 - __main__ - INFO - Token value: 1234
2023-08-28 00:32:45,759 - __main__ - INFO - Weather in Berlin: 15.49
2023-09-04 00:32:51,578 - __main__ - INFO - Token value: 1234
2023-09-04 00:32:51,721 - __main__ - INFO - Weather in Berlin: 13.88
2023-09-11 00:33:02,029 - __main__ - INFO - Token value: 1234
2023-09-11 00:33:02,311 - __main__ - INFO - Weather in Berlin: 19.79
2023-09-18 00:33:08,034 - __main__ - INFO - Token value: 1234
2023-09-18 00:33:08,622 - __main__ - INFO - Weather in Berlin: 18.77
2023-09-25 00:33:31,589 - __main__ - INFO - Token value: 1234
2023-09-25 00:33:32,204 - __main__ - INFO - Weather in Berlin: 11.97
2023-10-02 00:33:45,247 - __main__ - INFO - Token value: 1234
2023-10-02 00:33:45,432 - __main__ - INFO - Weather in Berlin: 16.15
2023-10-09 00:33:46,073 - __main__ - INFO - Token value: 1234
2023-10-09 00:33:46,678 - __main__ - INFO - Weather in Berlin: 10.35
2023-10-16 00:34:12,581 - __main__ - INFO - Token value: 1234
2023-10-16 00:34:13,068 - __main__ - INFO - Weather in Berlin: 6.05
2023-10-23 00:33:38,346 - __main__ - INFO - Token value: 1234
2023-10-23 00:33:38,481 - __main__ - INFO - Weather in Berlin: 11.05
2023-10-30 00:34:04,551 - __main__ - INFO - Token value: 1234
2023-10-30 00:34:05,043 - __main__ - INFO - Weather in Berlin: 12.19
2023-11-06 00:34:49,810 - __main__ - INFO - Token value: 1234
2023-11-06 00:34:50,132 - __main__ - INFO - Weather in Berlin: 10.48
2023-11-13 00:35:20,583 - __main__ - INFO - Token value: 1234
2023-11-13 00:35:21,202 - __main__ - INFO - Weather in Berlin: 6.07
2023-11-20 00:36:06,535 - __main__ - INFO - Token value: 1234
2023-11-20 00:36:06,644 - __main__ - INFO - Weather in Berlin: 9.7
2023-11-27 00:35:44,273 - __main__ - INFO - Token value: 1234
2023-11-27 00:35:44,752 - __main__ - INFO - Weather in Berlin: -0.91
2023-12-04 00:36:12,963 - __main__ - INFO - Token value: 1234
2023-12-04 00:36:13,413 - __main__ - INFO - Weather in Berlin: -5.01
2023-12-11 00:36:36,877 - __main__ - INFO - Token value: 1234
2023-12-11 00:36:37,345 - __main__ - INFO - Weather in Berlin: 6.43
2023-12-18 00:36:39,535 - __main__ - INFO - Token value: 1234
2023-12-18 00:36:40,637 - __main__ - INFO - Weather in Berlin: 5.87
2023-12-25 00:35:57,463 - __main__ - INFO - Token value: 1234
2023-12-25 00:35:57,814 - __main__ - INFO - Weather in Berlin: 9.67
2024-01-01 00:39:23,702 - __main__ - INFO - Token value: 1234
2024-01-01 00:39:24,163 - __main__ - INFO - Weather in Berlin: 6.02
2024-01-08 00:36:53,575 - __main__ - INFO - Token value: 1234
2024-01-08 00:36:54,117 - __main__ - INFO - Weather in Berlin: -6.67
2024-01-15 00:37:53,460 - __main__ - INFO - Token value: 1234
2024-01-15 00:37:54,171 - __main__ - INFO - Weather in Berlin: 2.04
2024-01-22 00:38:04,182 - __main__ - INFO - Token value: 1234
2024-01-22 00:38:04,935 - __main__ - INFO - Weather in Berlin: 2.86
2024-01-29 00:34:00,850 - __main__ - INFO - Token value: 1234
2024-01-29 00:34:01,071 - __main__ - INFO - Weather in Berlin: 1.69
2024-02-05 00:35:06,109 - __main__ - INFO - Token value: 1234
2024-02-12 00:34:33,688 - __main__ - INFO - Token value: 1234
2024-02-19 00:34:58,887 - __main__ - INFO - Token value: 1234
2024-02-26 00:35:09,233 - __main__ - INFO - Token value: 1234
2024-03-04 00:34:25,560 - __main__ - INFO - Token value: 1234
2024-03-11 00:35:08,395 - __main__ - INFO - Token value: 1234
2024-03-18 00:35:06,524 - __main__ - INFO - Token value: 1234
2024-03-25 00:35:30,409 - __main__ - INFO - Token value: 1234
2024-04-01 00:38:07,362 - __main__ - INFO - Token value: 1234
2024-04-08 00:35:54,186 - __main__ - INFO - Token value: 1234
2024-04-15 03:04:08,840 - __main__ - INFO - Token value: 1234
2024-04-22 00:36:28,016 - __main__ - INFO - Token value: 1234
2024-04-29 00:36:00,211 - __main__ - INFO - Token value: 1234
2024-05-06 00:36:33,374 - __main__ - INFO - Token value: 1234
2024-05-13 00:37:20,778 - __main__ - INFO - Token value: 1234
2024-05-20 00:37:12,884 - __main__ - INFO - Token value: 1234
2024-05-27 00:37:48,048 - __main__ - INFO - Token value: 1234
2024-06-02 20:10:01,165 - __main__ - INFO - Token value: 1234
2024-06-02 20:10:02,334 - __main__ - INFO - Weather in Dhaka: 28.99
2024-06-02 22:08:44,926 - __main__ - INFO - Token value: 1234
2024-06-02 22:08:45,098 - __main__ - INFO - Weather in Dhaka: 28.99
2024-06-03 00:48:07,722 - __main__ - INFO - Token value: 1234
2024-06-03 00:48:08,088 - __main__ - INFO - Weather in Dhaka: 28.99
2024-06-03 02:27:45,321 - __main__ - INFO - Token value: 1234
2024-06-03 02:27:45,654 - __main__ - INFO - Weather in Dhaka: 30.99
2024-06-03 04:14:37,706 - __main__ - INFO - Token value: 1234
2024-06-03 04:14:38,063 - __main__ - INFO - Weather in Dhaka: 31.99
2024-06-03 06:14:39,407 - __main__ - INFO - Token value: 1234
2024-06-03 06:14:39,622 - __main__ - INFO - Weather in Dhaka: 33.99
2024-06-03 08:14:19,766 - __main__ - INFO - Token value: 1234
2024-06-03 08:14:20,359 - __main__ - INFO - Weather in Dhaka: 33.99
2024-06-03 10:13:58,331 - __main__ - INFO - Token value: 1234
2024-06-03 10:13:59,132 - __main__ - INFO - Weather in Dhaka: 33.99
2024-06-03 12:19:26,292 - __main__ - INFO - Token value: 1234
2024-06-03 12:19:26,996 - __main__ - INFO - Weather in Dhaka: 27.99
2024-06-03 14:10:06,775 - __main__ - INFO - Token value: 1234
2024-06-03 14:10:07,436 - __main__ - INFO - Weather in Dhaka: 27.99
2024-06-03 16:13:26,624 - __main__ - INFO - Token value: 1234
2024-06-03 16:13:27,270 - __main__ - INFO - Weather in Dhaka: 27.99
2024-06-03 18:13:48,081 - __main__ - INFO - Token value: 1234
2024-06-03 18:13:48,431 - __main__ - INFO - Weather in Dhaka: 27.99
2024-06-03 20:10:41,850 - __main__ - INFO - Token value: 1234
2024-06-03 20:10:42,916 - __main__ - INFO - Weather in Dhaka: 27.99
2024-06-03 22:10:10,634 - __main__ - INFO - Token value: 1234
2024-06-03 22:10:11,022 - __main__ - INFO - Weather in Dhaka: 27.99
2024-06-04 00:47:31,748 - __main__ - INFO - Token value: 1234
2024-06-04 00:47:32,496 - __main__ - INFO - Weather in Dhaka: 27.99
2024-06-04 02:27:25,804 - __main__ - INFO - Token value: 1234
2024-06-04 02:27:26,389 - __main__ - INFO - Weather in Dhaka: 29.99
2024-06-04 04:12:27,507 - __main__ - INFO - Token value: 1234
2024-06-04 04:12:27,835 - __main__ - INFO - Weather in Dhaka: 31.99
2024-06-04 06:14:10,449 - __main__ - INFO - Token value: 1234
2024-06-04 06:14:11,146 - __main__ - INFO - Weather in Dhaka: 33.99
2024-06-04 08:13:19,801 - __main__ - INFO - Token value: 1234
2024-06-04 08:13:20,471 - __main__ - INFO - Weather in Dhaka: 31.99
2024-06-04 10:10:55,258 - __main__ - INFO - Token value: 1234
2024-06-04 10:10:55,865 - __main__ - INFO - Weather in Dhaka: 30.99
2024-06-04 12:18:55,147 - __main__ - INFO - Token value: 1234
2024-06-04 12:18:55,857 - __main__ - INFO - Weather in Dhaka: 28.99
2024-06-04 14:10:04,972 - __main__ - INFO - Token value: 1234
2024-06-04 14:10:05,613 - __main__ - INFO - Weather in Dhaka: 27.99
2024-06-04 16:13:23,514 - __main__ - INFO - Token value: 1234
2024-06-04 16:13:24,311 - __main__ - INFO - Weather in Dhaka: 27.99
2024-06-04 18:13:42,203 - __main__ - INFO - Token value: 1234
2024-06-04 18:13:42,380 - __main__ - INFO - Weather in Dhaka: 26.99
2024-06-04 20:10:48,972 - __main__ - INFO - Token value: 1234
2024-06-04 20:10:49,338 - __main__ - INFO - Weather in Dhaka: 26.99
2024-06-04 22:10:45,455 - __main__ - INFO - Token value: 1234
2024-06-04 22:10:46,083 - __main__ - INFO - Weather in Dhaka: 26.99
2024-06-05 00:46:45,203 - __main__ - INFO - Token value: 1234
2024-06-05 00:46:45,558 - __main__ - INFO - Weather in Dhaka: 26.99
2024-06-05 02:27:19,437 - __main__ - INFO - Token value: 1234
2024-06-05 02:27:20,015 - __main__ - INFO - Weather in Dhaka: 28.99
2024-06-05 04:14:59,347 - __main__ - INFO - Token value: 1234
2024-06-05 04:14:59,723 - __main__ - INFO - Weather in Dhaka: 31.99
2024-06-05 06:14:21,933 - __main__ - INFO - Token value: 1234
2024-06-05 06:14:22,401 - __main__ - INFO - Weather in Dhaka: 30.99
2024-06-05 08:13:17,491 - __main__ - INFO - Token value: 1234
2024-06-05 08:13:18,089 - __main__ - INFO - Weather in Dhaka: 32.99
2024-06-05 10:10:54,256 - __main__ - INFO - Token value: 1234
2024-06-05 10:10:55,049 - __main__ - INFO - Weather in Dhaka: 32.99
2024-06-05 12:19:07,512 - __main__ - INFO - Token value: 1234
2024-06-05 12:19:08,229 - __main__ - INFO - Weather in Dhaka: 31.99
2024-06-05 14:10:58,163 - __main__ - INFO - Token value: 1234
2024-06-05 14:10:58,838 - __main__ - INFO - Weather in Dhaka: 30.99
2024-06-05 16:13:10,180 - __main__ - INFO - Token value: 1234
2024-06-05 16:13:10,919 - __main__ - INFO - Weather in Dhaka: 29.99
2024-06-05 18:13:06,230 - __main__ - INFO - Token value: 1234
2024-06-05 18:13:06,575 - __main__ - INFO - Weather in Dhaka: 29.99
2024-06-05 20:11:33,850 - __main__ - INFO - Token value: 1234
2024-06-05 20:11:34,468 - __main__ - INFO - Weather in Dhaka: 25.99
2024-06-05 22:09:49,457 - __main__ - INFO - Token value: 1234
2024-06-05 22:09:49,922 - __main__ - INFO - Weather in Dhaka: 25.99
2024-06-06 00:46:39,859 - __main__ - INFO - Token value: 1234
2024-06-06 00:46:40,403 - __main__ - INFO - Weather in Dhaka: 25.99
2024-06-06 02:27:03,504 - __main__ - INFO - Token value: 1234
2024-06-06 02:27:04,343 - __main__ - INFO - Weather in Dhaka: 24.99
2024-06-06 04:12:27,850 - __main__ - INFO - Token value: 1234
2024-06-06 04:12:28,158 - __main__ - INFO - Weather in Dhaka: 29.99
2024-06-06 06:14:32,364 - __main__ - INFO - Token value: 1234
2024-06-06 06:14:33,199 - __main__ - INFO - Weather in Dhaka: 28.99
2024-06-06 08:13:31,604 - __main__ - INFO - Token value: 1234
2024-06-06 08:13:31,767 - __main__ - INFO - Weather in Dhaka: 30.99
2024-06-06 10:10:59,770 - __main__ - INFO - Token value: 1234
2024-06-06 10:11:00,667 - __main__ - INFO - Weather in Dhaka: 31.99
2024-06-06 12:19:21,174 - __main__ - INFO - Token value: 1234
2024-06-06 12:19:21,665 - __main__ - INFO - Weather in Dhaka: 31.99
2024-06-06 14:10:33,141 - __main__ - INFO - Token value: 1234
2024-06-06 14:10:33,333 - __main__ - INFO - Weather in Dhaka: 30.99
2024-06-06 16:12:51,676 - __main__ - INFO - Token value: 1234
2024-06-06 16:12:52,842 - __main__ - INFO - Weather in Dhaka: 29.99
2024-06-06 18:13:16,656 - __main__ - INFO - Token value: 1234
2024-06-06 18:13:17,361 - __main__ - INFO - Weather in Dhaka: 28.99
2024-06-06 20:12:32,986 - __main__ - INFO - Token value: 1234
2024-06-06 20:12:33,188 - __main__ - INFO - Weather in Dhaka: 28.99
2024-06-06 22:09:27,923 - __main__ - INFO - Token value: 1234
2024-06-06 22:09:28,244 - __main__ - INFO - Weather in Dhaka: 27.99
2024-06-07 00:49:59,230 - __main__ - INFO - Token value: 1234
2024-06-07 00:49:59,621 - __main__ - INFO - Weather in Dhaka: 28.99
2024-06-07 02:28:56,537 - __main__ - INFO - Token value: 1234
2024-06-07 02:28:57,465 - __main__ - INFO - Weather in Dhaka: 28.99
2024-06-07 04:13:33,072 - __main__ - INFO - Token value: 1234
2024-06-07 04:13:33,559 - __main__ - INFO - Weather in Dhaka: 31.99
2024-06-07 06:15:19,745 - __main__ - INFO - Token value: 1234
2024-06-07 06:15:20,626 - __main__ - INFO - Weather in Dhaka: 32.99
2024-06-07 08:13:47,164 - __main__ - INFO - Token value: 1234
2024-06-07 08:13:47,409 - __main__ - INFO - Weather in Dhaka: 33.99
2024-06-07 10:11:05,463 - __main__ - INFO - Token value: 1234
2024-06-07 10:11:06,296 - __main__ - INFO - Weather in Dhaka: 33.99
2024-06-07 12:20:19,111 - __main__ - INFO - Token value: 1234
2024-06-07 12:20:19,787 - __main__ - INFO - Weather in Dhaka: 26.99
2024-06-07 14:11:00,904 - __main__ - INFO - Token value: 1234
2024-06-07 14:11:01,708 - __main__ - INFO - Weather in Dhaka: 25.99
2024-06-07 16:12:20,552 - __main__ - INFO - Token value: 1234
2024-06-07 16:12:21,009 - __main__ - INFO - Weather in Dhaka: 26.99
2024-06-07 18:14:17,347 - __main__ - INFO - Token value: 1234
2024-06-07 18:14:17,567 - __main__ - INFO - Weather in Dhaka: 26.99
2024-06-07 20:10:44,272 - __main__ - INFO - Token value: 1234
2024-06-07 20:10:44,581 - __main__ - INFO - Weather in Dhaka: 26.99
2024-06-07 22:10:28,861 - __main__ - INFO - Token value: 1234
2024-06-07 22:10:29,339 - __main__ - INFO - Weather in Dhaka: 24.99
2024-06-08 00:46:57,948 - __main__ - INFO - Token value: 1234
2024-06-08 00:46:58,463 - __main__ - INFO - Weather in Dhaka: 25.99
2024-06-08 02:26:42,023 - __main__ - INFO - Token value: 1234
2024-06-08 02:26:42,347 - __main__ - INFO - Weather in Dhaka: 27.99
2024-06-08 04:13:16,974 - __main__ - INFO - Token value: 1234
2024-06-08 04:13:17,444 - __main__ - INFO - Weather in Dhaka: 30.99
2024-06-08 06:13:06,424 - __main__ - INFO - Token value: 1234
2024-06-08 06:13:07,340 - __main__ - INFO - Weather in Dhaka: 32.99
2024-06-08 08:11:59,253 - __main__ - INFO - Token value: 1234
2024-06-08 08:11:59,566 - __main__ - INFO - Weather in Dhaka: 33.99
2024-06-08 10:10:33,159 - __main__ - INFO - Token value: 1234
2024-06-08 10:10:33,390 - __main__ - INFO - Weather in Dhaka: 33.99
2024-06-08 12:17:03,970 - __main__ - INFO - Token value: 1234
2024-06-08 12:17:04,288 - __main__ - INFO - Weather in Dhaka: 32.99
2024-06-08 14:09:45,876 - __main__ - INFO - Token value: 1234
2024-06-08 14:09:46,254 - __main__ - INFO - Weather in Dhaka: 31.99
2024-06-08 16:13:22,537 - __main__ - INFO - Token value: 1234
2024-06-08 16:13:22,984 - __main__ - INFO - Weather in Dhaka: 30.99
2024-06-08 18:12:25,351 - __main__ - INFO - Token value: 1234
2024-06-08 18:12:26,144 - __main__ - INFO - Weather in Dhaka: 29.99
2024-06-08 20:09:53,023 - __main__ - INFO - Token value: 1234
2024-06-08 20:09:53,214 - __main__ - INFO - Weather in Dhaka: 29.99
2024-06-08 22:08:54,212 - __main__ - INFO - Token value: 1234
2024-06-08 22:08:54,648 - __main__ - INFO - Weather in Dhaka: 28.99
2024-06-09 00:52:50,968 - __main__ - INFO - Token value: 1234
2024-06-09 00:52:51,866 - __main__ - INFO - Weather in Dhaka: 29.99
2024-06-09 02:30:12,894 - __main__ - INFO - Token value: 1234
2024-06-09 02:30:13,724 - __main__ - INFO - Weather in Dhaka: 29.99
2024-06-09 04:12:26,795 - __main__ - INFO - Token value: 1234
2024-06-09 04:12:27,640 - __main__ - INFO - Weather in Dhaka: 29.99
2024-06-09 06:13:35,300 - __main__ - INFO - Token value: 1234
2024-06-09 06:13:35,800 - __main__ - INFO - Weather in Dhaka: 31.99
2024-06-09 08:12:09,435 - __main__ - INFO - Token value: 1234
2024-06-09 08:12:10,041 - __main__ - INFO - Weather in Dhaka: 30.99
2024-06-09 10:09:50,258 - __main__ - INFO - Token value: 1234
2024-06-09 10:09:50,674 - __main__ - INFO - Weather in Dhaka: 30.99
2024-06-09 12:18:11,883 - __main__ - INFO - Token value: 1234
2024-06-09 12:18:12,103 - __main__ - INFO - Weather in Dhaka: 29.99
2024-06-09 14:09:34,025 - __main__ - INFO - Token value: 1234
2024-06-09 14:09:34,378 - __main__ - INFO - Weather in Dhaka: 28.99
2024-06-09 16:11:35,714 - __main__ - INFO - Token value: 1234
2024-06-09 16:11:36,159 - __main__ - INFO - Weather in Dhaka: 28.99
2024-06-09 18:12:45,983 - __main__ - INFO - Token value: 1234
2024-06-09 18:12:46,166 - __main__ - INFO - Weather in Dhaka: 28.99
2024-06-09 20:11:03,853 - __main__ - INFO - Token value: 1234
2024-06-09 20:11:04,201 - __main__ - INFO - Weather in Dhaka: 27.99
2024-06-09 22:09:58,944 - __main__ - INFO - Token value: 1234
2024-06-09 22:09:59,418 - __main__ - INFO - Weather in Dhaka: 27.99
2024-06-10 00:50:04,804 - __main__ - INFO - Token value: 1234
2024-06-10 00:50:05,483 - __main__ - INFO - Weather in Dhaka: 28.99
2024-06-10 02:29:51,405 - __main__ - INFO - Token value: 1234
2024-06-10 02:29:51,627 - __main__ - INFO - Weather in Dhaka: 25.99
2024-06-10 04:14:44,384 - __main__ - INFO - Token value: 1234
2024-06-10 04:14:45,255 - __main__ - INFO - Weather in Dhaka: 25.99
2024-06-10 06:15:49,395 - __main__ - INFO - Token value: 1234
2024-06-10 06:15:49,625 - __main__ - INFO - Weather in Dhaka: 27.99
2024-06-10 08:14:24,521 - __main__ - INFO - Token value: 1234
2024-06-10 08:14:25,614 - __main__ - INFO - Weather in Dhaka: 28.99
2024-06-10 10:12:35,201 - __main__ - INFO - Token value: 1234
2024-06-10 10:12:35,596 - __main__ - INFO - Weather in Dhaka: 28.99
2024-06-10 12:19:32,191 - __main__ - INFO - Token value: 1234
2024-06-10 12:19:32,899 - __main__ - INFO - Weather in Dhaka: 28.99
2024-06-10 14:11:49,335 - __main__ - INFO - Token value: 1234
2024-06-10 14:11:49,720 - __main__ - INFO - Weather in Dhaka: 28.99
2024-06-10 16:13:35,514 - __main__ - INFO - Token value: 1234
2024-06-10 16:13:36,027 - __main__ - INFO - Weather in Dhaka: 27.99
2024-06-10 18:13:50,181 - __main__ - INFO - Token value: 1234
2024-06-10 18:13:50,846 - __main__ - INFO - Weather in Dhaka: 27.99
2024-06-10 20:10:58,272 - __main__ - INFO - Token value: 1234
2024-06-10 20:10:58,995 - __main__ - INFO - Weather in Dhaka: 27.99
2024-06-10 22:11:01,392 - __main__ - INFO - Token value: 1234
2024-06-10 22:11:02,051 - __main__ - INFO - Weather in Dhaka: 26.99
2024-06-11 00:48:14,055 - __main__ - INFO - Token value: 1234
2024-06-11 00:48:14,306 - __main__ - INFO - Weather in Dhaka: 27.99
2024-06-11 02:28:23,769 - __main__ - INFO - Token value: 1234
2024-06-11 02:28:23,976 - __main__ - INFO - Weather in Dhaka: 29.99
2024-06-11 04:12:58,834 - __main__ - INFO - Token value: 1234
2024-06-11 04:12:59,501 - __main__ - INFO - Weather in Dhaka: 31.99
2024-06-11 06:14:22,969 - __main__ - INFO - Token value: 1234
2024-06-11 06:14:23,696 - __main__ - INFO - Weather in Dhaka: 33.99
2024-06-11 08:13:58,887 - __main__ - INFO - Token value: 1234
2024-06-11 08:13:59,588 - __main__ - INFO - Weather in Dhaka: 33.99
2024-06-11 10:11:41,137 - __main__ - INFO - Token value: 1234
2024-06-11 10:11:41,590 - __main__ - INFO - Weather in Dhaka: 34.99
2024-06-11 12:19:51,495 - __main__ - INFO - Token value: 1234
2024-06-11 12:19:51,902 - __main__ - INFO - Weather in Dhaka: 32.99
2024-06-11 14:10:12,563 - __main__ - INFO - Token value: 1234
2024-06-11 14:10:12,951 - __main__ - INFO - Weather in Dhaka: 31.99
2024-06-11 16:13:16,324 - __main__ - INFO - Token value: 1234
2024-06-11 16:13:17,030 - __main__ - INFO - Weather in Dhaka: 31.99
2024-06-11 18:14:31,423 - __main__ - INFO - Token value: 1234
2024-06-11 18:14:31,805 - __main__ - INFO - Weather in Dhaka: 29.99
2024-06-11 20:10:52,661 - __main__ - INFO - Token value: 1234
2024-06-11 20:10:52,845 - __main__ - INFO - Weather in Dhaka: 29.99
2024-06-11 22:09:41,089 - __main__ - INFO - Token value: 1234
2024-06-11 22:09:41,258 - __main__ - INFO - Weather in Dhaka: 28.99
2024-06-12 00:48:35,861 - __main__ - INFO - Token value: 1234
2024-06-12 00:48:36,716 - __main__ - INFO - Weather in Dhaka: 29.99
2024-06-12 02:28:51,425 - __main__ - INFO - Token value: 1234
2024-06-12 02:28:52,243 - __main__ - INFO - Weather in Dhaka: 30.99
2024-06-12 04:12:45,045 - __main__ - INFO - Token value: 1234
2024-06-12 04:12:45,291 - __main__ - INFO - Weather in Dhaka: 32.99
2024-06-12 06:14:18,123 - __main__ - INFO - Token value: 1234
2024-06-12 06:14:18,837 - __main__ - INFO - Weather in Dhaka: 33.99
2024-06-12 08:13:23,501 - __main__ - INFO - Token value: 1234
2024-06-12 08:13:23,685 - __main__ - INFO - Weather in Dhaka: 32.99
2024-06-12 10:11:19,076 - __main__ - INFO - Token value: 1234
2024-06-12 10:11:19,510 - __main__ - INFO - Weather in Dhaka: 32.99
2024-06-12 12:19:29,740 - __main__ - INFO - Token value: 1234
2024-06-12 12:19:30,458 - __main__ - INFO - Weather in Dhaka: 31.99
2024-06-12 14:09:41,916 - __main__ - INFO - Token value: 1234
2024-06-12 14:09:42,122 - __main__ - INFO - Weather in Dhaka: 30.99
2024-06-12 16:12:32,323 - __main__ - INFO - Token value: 1234
2024-06-12 16:12:32,677 - __main__ - INFO - Weather in Dhaka: 29.99
2024-06-12 18:14:18,401 - __main__ - INFO - Token value: 1234
2024-06-12 18:14:18,889 - __main__ - INFO - Weather in Dhaka: 29.99
2024-06-12 20:11:00,346 - __main__ - INFO - Token value: 1234
2024-06-12 20:11:00,859 - __main__ - INFO - Weather in Dhaka: 28.99
2024-06-12 22:10:30,362 - __main__ - INFO - Token value: 1234
2024-06-12 22:10:30,819 - __main__ - INFO - Weather in Dhaka: 28.99
2024-06-13 00:47:39,488 - __main__ - INFO - Token value: 1234
2024-06-13 00:47:40,295 - __main__ - INFO - Weather in Dhaka: 29.99
2024-06-13 02:27:55,263 - __main__ - INFO - Token value: 1234
2024-06-13 02:27:55,966 - __main__ - INFO - Weather in Dhaka: 29.99
2024-06-13 04:12:57,336 - __main__ - INFO - Token value: 1234
2024-06-13 04:12:57,562 - __main__ - INFO - Weather in Dhaka: 31.99
2024-06-13 06:14:38,813 - __main__ - INFO - Token value: 1234
2024-06-13 06:14:39,328 - __main__ - INFO - Weather in Dhaka: 32.99
2024-06-13 08:13:35,720 - __main__ - INFO - Token value: 1234
2024-06-13 08:13:36,269 - __main__ - INFO - Weather in Dhaka: 32.99
2024-06-13 10:10:59,087 - __main__ - INFO - Token value: 1234
2024-06-13 10:11:00,062 - __main__ - INFO - Weather in Dhaka: 31.99
2024-06-13 12:19:14,895 - __main__ - INFO - Token value: 1234
2024-06-13 12:19:15,160 - __main__ - INFO - Weather in Dhaka: 23.99
2024-06-13 14:10:58,482 - __main__ - INFO - Token value: 1234
2024-06-13 14:10:58,710 - __main__ - INFO - Weather in Dhaka: 25.99
2024-06-13 16:14:09,922 - __main__ - INFO - Token value: 1234
2024-06-13 16:14:10,155 - __main__ - INFO - Weather in Dhaka: 25.99
2024-06-13 18:14:15,872 - __main__ - INFO - Token value: 1234
2024-06-13 18:14:16,254 - __main__ - INFO - Weather in Dhaka: 25.99
2024-06-13 20:11:06,018 - __main__ - INFO - Token value: 1234
2024-06-13 20:11:06,228 - __main__ - INFO - Weather in Dhaka: 25.99
2024-06-13 22:10:23,653 - __main__ - INFO - Token value: 1234
2024-06-13 22:10:24,477 - __main__ - INFO - Weather in Dhaka: 25.99
